[debug] [2021-03-13T20:35:51.436Z] ----------------------------------------------------------------------
[debug] [2021-03-13T20:35:51.448Z] Command:       /usr/bin/node /usr/bin/firebase deploy
[debug] [2021-03-13T20:35:51.450Z] CLI Version:   9.5.0
[debug] [2021-03-13T20:35:51.451Z] Platform:      linux
[debug] [2021-03-13T20:35:51.451Z] Node Version:  v14.9.0
[debug] [2021-03-13T20:35:51.453Z] Time:          Sat Mar 13 2021 12:35:51 GMT-0800 (Pacific Standard Time)
[debug] [2021-03-13T20:35:51.454Z] ----------------------------------------------------------------------
[debug] [2021-03-13T20:35:51.454Z] 
[debug] [2021-03-13T20:35:51.479Z] > command requires scopes: ["email","openid","https://www.googleapis.com/auth/cloudplatformprojects.readonly","https://www.googleapis.com/auth/firebase","https://www.googleapis.com/auth/cloud-platform"]
[debug] [2021-03-13T20:35:51.481Z] > authorizing via signed-in user
[debug] [2021-03-13T20:35:51.482Z] [iam] checking project xing-ahs-app for permissions ["firebase.projects.get","firebasehosting.sites.update"]
[debug] [2021-03-13T20:35:51.491Z] >>> HTTP REQUEST POST https://cloudresourcemanager.googleapis.com/v1/projects/xing-ahs-app:testIamPermissions  
 {"permissions":["firebase.projects.get","firebasehosting.sites.update"]}
[debug] [2021-03-13T20:35:51.806Z] <<< HTTP RESPONSE 200 {"content-type":"application/json; charset=UTF-8","vary":"X-Origin, Referer, Origin,Accept-Encoding","date":"Sat, 13 Mar 2021 20:35:51 GMT","server":"ESF","cache-control":"private","x-xss-protection":"0","x-frame-options":"SAMEORIGIN","x-content-type-options":"nosniff","server-timing":"gfet4t7; dur=50","alt-svc":"h3-29=\":443\"; ma=2592000,h3-T051=\":443\"; ma=2592000,h3-Q050=\":443\"; ma=2592000,h3-Q046=\":443\"; ma=2592000,h3-Q043=\":443\"; ma=2592000,quic=\":443\"; ma=2592000; v=\"46,43\"","accept-ranges":"none","transfer-encoding":"chunked"}
[debug] [2021-03-13T20:35:51.815Z] > refreshing access token with scopes: []
[debug] [2021-03-13T20:35:51.816Z] >>> HTTP REQUEST POST https://www.googleapis.com/oauth2/v3/token  
 <request body omitted>
[debug] [2021-03-13T20:35:52.064Z] <<< HTTP RESPONSE 200 {"pragma":"no-cache","cache-control":"no-cache, no-store, max-age=0, must-revalidate","expires":"Mon, 01 Jan 1990 00:00:00 GMT","date":"Sat, 13 Mar 2021 20:35:52 GMT","content-type":"application/json; charset=utf-8","vary":"X-Origin, Referer, Origin,Accept-Encoding","server":"scaffolding on HTTPServer2","x-xss-protection":"0","x-frame-options":"SAMEORIGIN","x-content-type-options":"nosniff","alt-svc":"h3-29=\":443\"; ma=2592000,h3-T051=\":443\"; ma=2592000,h3-Q050=\":443\"; ma=2592000,h3-Q046=\":443\"; ma=2592000,h3-Q043=\":443\"; ma=2592000,quic=\":443\"; ma=2592000; v=\"46,43\"","accept-ranges":"none","transfer-encoding":"chunked"}
[debug] [2021-03-13T20:35:52.110Z] >>> [apiv2][query] GET https://firebase.googleapis.com/v1beta1/projects/xing-ahs-app [none]
[debug] [2021-03-13T20:35:52.466Z] <<< [apiv2][status] GET https://firebase.googleapis.com/v1beta1/projects/xing-ahs-app 200
[debug] [2021-03-13T20:35:52.467Z] <<< [apiv2][body] GET https://firebase.googleapis.com/v1beta1/projects/xing-ahs-app {"projectId":"xing-ahs-app","projectNumber":"295063116684","displayName":"ahs-app","name":"projects/xing-ahs-app","resources":{"hostingSite":"xing-ahs-app"},"state":"ACTIVE"}
[info] 
[info] === Deploying to 'xing-ahs-app'...
[info] 
[info] i  deploying hosting 
[debug] [2021-03-13T20:35:52.479Z] > refreshing access token with scopes: ["email","https://www.googleapis.com/auth/cloud-platform","https://www.googleapis.com/auth/cloudplatformprojects.readonly","https://www.googleapis.com/auth/firebase","openid"]
[debug] [2021-03-13T20:35:52.480Z] >>> HTTP REQUEST POST https://www.googleapis.com/oauth2/v3/token  
 <request body omitted>
[debug] [2021-03-13T20:35:52.690Z] <<< HTTP RESPONSE 200 {"date":"Sat, 13 Mar 2021 20:35:52 GMT","cache-control":"no-cache, no-store, max-age=0, must-revalidate","expires":"Mon, 01 Jan 1990 00:00:00 GMT","pragma":"no-cache","content-type":"application/json; charset=utf-8","vary":"X-Origin, Referer, Origin,Accept-Encoding","server":"scaffolding on HTTPServer2","x-xss-protection":"0","x-frame-options":"SAMEORIGIN","x-content-type-options":"nosniff","alt-svc":"h3-29=\":443\"; ma=2592000,h3-T051=\":443\"; ma=2592000,h3-Q050=\":443\"; ma=2592000,h3-Q046=\":443\"; ma=2592000,h3-Q043=\":443\"; ma=2592000,quic=\":443\"; ma=2592000; v=\"46,43\"","accept-ranges":"none","transfer-encoding":"chunked"}
[debug] [2021-03-13T20:35:52.725Z] >>> HTTP REQUEST POST https://firebasehosting.googleapis.com/v1beta1/sites/xing-ahs-app/versions  
 {"config":{"rewrites":[{"glob":"**","path":"/index.html"}],"trailingSlashBehavior":"REMOVE"},"labels":{"deployment-tool":"cli-firebase"}}
[debug] [2021-03-13T20:35:53.463Z] <<< HTTP RESPONSE 200 {"content-type":"application/json; charset=UTF-8","vary":"X-Origin, Referer, Origin,Accept-Encoding","date":"Sat, 13 Mar 2021 20:35:53 GMT","server":"ESF","cache-control":"private","x-xss-protection":"0","x-frame-options":"SAMEORIGIN","x-content-type-options":"nosniff","alt-svc":"h3-29=\":443\"; ma=2592000,h3-T051=\":443\"; ma=2592000,h3-Q050=\":443\"; ma=2592000,h3-Q046=\":443\"; ma=2592000,h3-Q043=\":443\"; ma=2592000,quic=\":443\"; ma=2592000; v=\"46,43\"","accept-ranges":"none","transfer-encoding":"chunked"}
[info] i  hosting[xing-ahs-app]: beginning deploy... 
[info] i  hosting[xing-ahs-app]: found 4 files in dist 
[debug] [2021-03-13T20:35:53.523Z] > refreshing access token with scopes: []
[debug] [2021-03-13T20:35:53.524Z] >>> HTTP REQUEST POST https://www.googleapis.com/oauth2/v3/token  
 <request body omitted>
[debug] [2021-03-13T20:35:53.529Z] [hosting] hash cache [ZGlzdA] stored for 4 files
[debug] [2021-03-13T20:35:53.530Z] [hosting][hash queue][FINAL] {"max":25,"min":22,"avg":23.5,"active":0,"complete":4,"success":4,"errored":0,"retried":0,"total":4,"elapsed":39}
[debug] [2021-03-13T20:35:53.715Z] <<< HTTP RESPONSE 200 {"date":"Sat, 13 Mar 2021 20:35:53 GMT","pragma":"no-cache","cache-control":"no-cache, no-store, max-age=0, must-revalidate","expires":"Mon, 01 Jan 1990 00:00:00 GMT","content-type":"application/json; charset=utf-8","vary":"X-Origin, Referer, Origin,Accept-Encoding","server":"scaffolding on HTTPServer2","x-xss-protection":"0","x-frame-options":"SAMEORIGIN","x-content-type-options":"nosniff","alt-svc":"h3-29=\":443\"; ma=2592000,h3-T051=\":443\"; ma=2592000,h3-Q050=\":443\"; ma=2592000,h3-Q046=\":443\"; ma=2592000,h3-Q043=\":443\"; ma=2592000,quic=\":443\"; ma=2592000; v=\"46,43\"","accept-ranges":"none","transfer-encoding":"chunked"}
[debug] [2021-03-13T20:35:53.746Z] >>> [apiv2][query] POST https://firebasehosting.googleapis.com/v1beta1/sites/xing-ahs-app/versions/c4137436b0fb176a:populateFiles [none]
[debug] [2021-03-13T20:35:53.747Z] >>> [apiv2][body] POST https://firebasehosting.googleapis.com/v1beta1/sites/xing-ahs-app/versions/c4137436b0fb176a:populateFiles {"files":{"/icon.png":"2432cd1534614f8a7db63c9917b994f35c394de0cea36bfc088ace75d17bce52","/index.css":"a2b6496e05fd847dc6a3031c0cbcdbed637f333e70526347019207ee87e38b3b","/index.js":"9718ebb15ad3627a6c0866c1b9146a7fee9cd5b24058a5ecff9964cc2bbc6c9f","/index.html":"5bda4b20079fdf8e8d19d847d448535131dc98dafc19b42258fda54a22d9353c"}}
[debug] [2021-03-13T20:35:54.228Z] <<< [apiv2][status] POST https://firebasehosting.googleapis.com/v1beta1/sites/xing-ahs-app/versions/c4137436b0fb176a:populateFiles 200
[debug] [2021-03-13T20:35:54.228Z] <<< [apiv2][body] POST https://firebasehosting.googleapis.com/v1beta1/sites/xing-ahs-app/versions/c4137436b0fb176a:populateFiles {"uploadRequiredHashes":["5bda4b20079fdf8e8d19d847d448535131dc98dafc19b42258fda54a22d9353c"],"uploadUrl":"https://upload-firebasehosting.googleapis.com/upload/sites/xing-ahs-app/versions/c4137436b0fb176a/files"}
[debug] [2021-03-13T20:35:54.232Z] >>> [apiv2][query] POST https://upload-firebasehosting.googleapis.com/upload/sites/xing-ahs-app/versions/c4137436b0fb176a/files/5bda4b20079fdf8e8d19d847d448535131dc98dafc19b42258fda54a22d9353c [none]
[debug] [2021-03-13T20:35:54.233Z] >>> [apiv2][body] POST https://upload-firebasehosting.googleapis.com/upload/sites/xing-ahs-app/versions/c4137436b0fb176a/files/5bda4b20079fdf8e8d19d847d448535131dc98dafc19b42258fda54a22d9353c [stream]
[debug] [2021-03-13T20:35:54.237Z] [hosting][populate queue][FINAL] {"max":710,"min":710,"avg":710,"active":0,"complete":1,"success":1,"errored":0,"retried":0,"total":1,"elapsed":715}
[debug] [2021-03-13T20:35:54.238Z] [hosting] uploads queued: 1
[debug] [2021-03-13T20:35:55.347Z] <<< [apiv2][status] POST https://upload-firebasehosting.googleapis.com/upload/sites/xing-ahs-app/versions/c4137436b0fb176a/files/5bda4b20079fdf8e8d19d847d448535131dc98dafc19b42258fda54a22d9353c 200
[debug] [2021-03-13T20:35:55.348Z] <<< [apiv2][body] POST https://upload-firebasehosting.googleapis.com/upload/sites/xing-ahs-app/versions/c4137436b0fb176a/files/5bda4b20079fdf8e8d19d847d448535131dc98dafc19b42258fda54a22d9353c [stream]
[debug] [2021-03-13T20:35:55.349Z] [hosting][upload queue][FINAL] {"max":1120,"min":1120,"avg":1120,"active":0,"complete":1,"success":1,"errored":0,"retried":0,"total":1,"elapsed":1120}
[info] ✔  hosting[xing-ahs-app]: file upload complete 
[debug] [2021-03-13T20:35:55.353Z] [hosting] deploy completed after 1884ms
[debug] [2021-03-13T20:35:55.355Z] [
  {
    "config": {
      "public": "dist",
      "trailingSlash": false,
      "ignore": [
        "firebase.json",
        "**/.*"
      ],
      "rewrites": [
        {
          "source": "**",
          "destination": "/index.html"
        }
      ],
      "site": "xing-ahs-app"
    },
    "site": "xing-ahs-app",
    "version": "sites/xing-ahs-app/versions/c4137436b0fb176a"
  }
]
[info] i  hosting[xing-ahs-app]: finalizing version... 
[debug] [2021-03-13T20:35:55.358Z] > refreshing access token with scopes: ["email","https://www.googleapis.com/auth/cloud-platform","https://www.googleapis.com/auth/cloudplatformprojects.readonly","https://www.googleapis.com/auth/firebase","openid"]
[debug] [2021-03-13T20:35:55.358Z] >>> HTTP REQUEST POST https://www.googleapis.com/oauth2/v3/token  
 <request body omitted>
[debug] [2021-03-13T20:35:55.551Z] <<< HTTP RESPONSE 200 {"cache-control":"no-cache, no-store, max-age=0, must-revalidate","pragma":"no-cache","expires":"Mon, 01 Jan 1990 00:00:00 GMT","date":"Sat, 13 Mar 2021 20:35:55 GMT","content-type":"application/json; charset=utf-8","vary":"X-Origin, Referer, Origin,Accept-Encoding","server":"scaffolding on HTTPServer2","x-xss-protection":"0","x-frame-options":"SAMEORIGIN","x-content-type-options":"nosniff","alt-svc":"h3-29=\":443\"; ma=2592000,h3-T051=\":443\"; ma=2592000,h3-Q050=\":443\"; ma=2592000,h3-Q046=\":443\"; ma=2592000,h3-Q043=\":443\"; ma=2592000,quic=\":443\"; ma=2592000; v=\"46,43\"","accept-ranges":"none","transfer-encoding":"chunked"}
[debug] [2021-03-13T20:35:55.590Z] >>> HTTP REQUEST PATCH https://firebasehosting.googleapis.com/v1beta1/sites/xing-ahs-app/versions/c4137436b0fb176a?updateMask=status  
 {"status":"FINALIZED"}
